Starting StockScreenerBackendApplication using Java 17.0.12 with PID 13700 (C:\Users\abhay\OneDrive\Desktop\stock-screener\stock-screener-backend\target\classes started by abhay in C:\Users\abhay\OneDrive\Desktop\stock-screener\stock-screener-backend)
No active profile set, falling back to 1 default profile: "default"
Starting service [Tomcat]
Starting Servlet engine: [Apache Tomcat/10.1.42]
Initializing Spring embedded WebApplicationContext
HikariPool-32 - Starting...
HikariPool-32 - Added connection com.mysql.cj.jdbc.ConnectionImpl@47efed38
HikariPool-32 - Start completed.
HHH90000025: MySQL8Dialect does not need to be specified explicitly using 'hibernate.dialect' (remove the property setting and it will be selected by default)
HHH90000026: MySQL8Dialect has been deprecated; use org.hibernate.dialect.MySQLDialect instead
spring.jpa.open-in-view is enabled by default. Therefore, database queries may be performed during view rendering. Explicitly configure spring.jpa.open-in-view to disable this warning
Configuring CORS mappings
CORS configuration applied successfully

	c.a.c.AnnouncementController:
	{GET [/api/announcements/latest]}: getLatestAnnouncements()

	c.a.c.IpoController:
	{GET [/api/ipos]}: getAllIpos()

	c.a.c.StockController:
	{GET [/api/stock/allStocks]}: getAllStocks()
	{POST [/api/stock/add]}: addStock(AddStockRequest)
	{GET [/api/stock/rsi-mfi]}: getRsiAndMfiData()
	{GET [/api/stock/health]}: healthCheck()
	{GET [/api/stock/search]}: seachStock(String)
	{GET [/api/stock/calendar]}: getMethodName()

	o.s.b.a.w.s.e.BasicErrorController:
	{ [/error], produces [text/html]}: errorHtml(HttpServletRequest,HttpServletResponse)
	{ [/error]}: error(HttpServletRequest)
10 mappings in 'requestMappingHandlerMapping'
Patterns [/webjars/**, /**] in 'resourceHandlerMapping'
ControllerAdvice beans: 0 @ModelAttribute, 0 @InitBinder, 1 RequestBodyAdvice, 1 ResponseBodyAdvice
ControllerAdvice beans: 0 @ExceptionHandler, 1 ResponseBodyAdvice
Started StockScreenerBackendApplication in 0.998 seconds (process running for 3890.419)
HikariPool-32 - Shutdown initiated...
HikariPool-32 - Shutdown completed.
Starting StockScreenerBackendApplication using Java 17.0.12 with PID 13700 (C:\Users\abhay\OneDrive\Desktop\stock-screener\stock-screener-backend\target\classes started by abhay in C:\Users\abhay\OneDrive\Desktop\stock-screener\stock-screener-backend)
No active profile set, falling back to 1 default profile: "default"
Starting service [Tomcat]
Starting Servlet engine: [Apache Tomcat/10.1.42]
Initializing Spring embedded WebApplicationContext
HikariPool-33 - Starting...
HikariPool-33 - Added connection com.mysql.cj.jdbc.ConnectionImpl@16bfab64
HikariPool-33 - Start completed.
HHH90000025: MySQL8Dialect does not need to be specified explicitly using 'hibernate.dialect' (remove the property setting and it will be selected by default)
HHH90000026: MySQL8Dialect has been deprecated; use org.hibernate.dialect.MySQLDialect instead
spring.jpa.open-in-view is enabled by default. Therefore, database queries may be performed during view rendering. Explicitly configure spring.jpa.open-in-view to disable this warning
Configuring CORS mappings
CORS configuration applied successfully
Started StockScreenerBackendApplication in 0.84 seconds (process running for 3900.448)
HikariPool-33 - Shutdown initiated...
HikariPool-33 - Shutdown completed.
Starting StockScreenerBackendApplication using Java 17.0.12 with PID 13700 (C:\Users\abhay\OneDrive\Desktop\stock-screener\stock-screener-backend\target\classes started by abhay in C:\Users\abhay\OneDrive\Desktop\stock-screener\stock-screener-backend)
No active profile set, falling back to 1 default profile: "default"
Starting service [Tomcat]
Starting Servlet engine: [Apache Tomcat/10.1.42]
Initializing Spring embedded WebApplicationContext
HikariPool-34 - Starting...
HikariPool-34 - Added connection com.mysql.cj.jdbc.ConnectionImpl@2b1da990
HikariPool-34 - Start completed.
HHH90000025: MySQL8Dialect does not need to be specified explicitly using 'hibernate.dialect' (remove the property setting and it will be selected by default)
HHH90000026: MySQL8Dialect has been deprecated; use org.hibernate.dialect.MySQLDialect instead
spring.jpa.open-in-view is enabled by default. Therefore, database queries may be performed during view rendering. Explicitly configure spring.jpa.open-in-view to disable this warning
Configuring CORS mappings
CORS configuration applied successfully
Started StockScreenerBackendApplication in 0.833 seconds (process running for 3912.479)
Initializing Spring DispatcherServlet 'dispatcherServlet'
Resolved [org.springframework.web.bind.MissingServletRequestParameterException: Required request parameter 'stockName' for method parameter type String is not present]
Resolved [org.springframework.web.bind.MissingServletRequestParameterException: Required request parameter 'stockName' for method parameter type String is not present]
Resolved [org.springframework.web.bind.MissingServletRequestParameterException: Required request parameter 'stockName' for method parameter type String is not present]
Searching for stock: infosys
Searching for stock: infosys
Failed to fetch data for stock: infosys. Status code: 403
Successfully searched for stock: infosys
HikariPool-34 - Shutdown initiated...
HikariPool-34 - Shutdown completed.
Starting StockScreenerBackendApplication using Java 17.0.12 with PID 13700 (C:\Users\abhay\OneDrive\Desktop\stock-screener\stock-screener-backend\target\classes started by abhay in C:\Users\abhay\OneDrive\Desktop\stock-screener\stock-screener-backend)
No active profile set, falling back to 1 default profile: "default"
Starting service [Tomcat]
Starting Servlet engine: [Apache Tomcat/10.1.42]
Initializing Spring embedded WebApplicationContext
HikariPool-35 - Starting...
HikariPool-35 - Added connection com.mysql.cj.jdbc.ConnectionImpl@4328b7e
HikariPool-35 - Start completed.
HHH90000025: MySQL8Dialect does not need to be specified explicitly using 'hibernate.dialect' (remove the property setting and it will be selected by default)
HHH90000026: MySQL8Dialect has been deprecated; use org.hibernate.dialect.MySQLDialect instead
spring.jpa.open-in-view is enabled by default. Therefore, database queries may be performed during view rendering. Explicitly configure spring.jpa.open-in-view to disable this warning
Configuring CORS mappings
CORS configuration applied successfully
Started StockScreenerBackendApplication in 0.908 seconds (process running for 4175.829)
HikariPool-35 - Shutdown initiated...
HikariPool-35 - Shutdown completed.
Starting StockScreenerBackendApplication using Java 17.0.12 with PID 13700 (C:\Users\abhay\OneDrive\Desktop\stock-screener\stock-screener-backend\target\classes started by abhay in C:\Users\abhay\OneDrive\Desktop\stock-screener\stock-screener-backend)
No active profile set, falling back to 1 default profile: "default"
Starting service [Tomcat]
Starting Servlet engine: [Apache Tomcat/10.1.42]
Initializing Spring embedded WebApplicationContext
HikariPool-36 - Starting...
HikariPool-36 - Added connection com.mysql.cj.jdbc.ConnectionImpl@2f9c48d1
HikariPool-36 - Start completed.
HHH90000025: MySQL8Dialect does not need to be specified explicitly using 'hibernate.dialect' (remove the property setting and it will be selected by default)
HHH90000026: MySQL8Dialect has been deprecated; use org.hibernate.dialect.MySQLDialect instead
spring.jpa.open-in-view is enabled by default. Therefore, database queries may be performed during view rendering. Explicitly configure spring.jpa.open-in-view to disable this warning
Configuring CORS mappings
CORS configuration applied successfully
Started StockScreenerBackendApplication in 0.835 seconds (process running for 4178.771)
HikariPool-36 - Shutdown initiated...
HikariPool-36 - Shutdown completed.
Starting StockScreenerBackendApplication using Java 17.0.12 with PID 13700 (C:\Users\abhay\OneDrive\Desktop\stock-screener\stock-screener-backend\target\classes started by abhay in C:\Users\abhay\OneDrive\Desktop\stock-screener\stock-screener-backend)
No active profile set, falling back to 1 default profile: "default"
Starting service [Tomcat]
Starting Servlet engine: [Apache Tomcat/10.1.42]
Initializing Spring embedded WebApplicationContext
HikariPool-37 - Starting...
HikariPool-37 - Added connection com.mysql.cj.jdbc.ConnectionImpl@184691ec
HikariPool-37 - Start completed.
HHH90000025: MySQL8Dialect does not need to be specified explicitly using 'hibernate.dialect' (remove the property setting and it will be selected by default)
HHH90000026: MySQL8Dialect has been deprecated; use org.hibernate.dialect.MySQLDialect instead
spring.jpa.open-in-view is enabled by default. Therefore, database queries may be performed during view rendering. Explicitly configure spring.jpa.open-in-view to disable this warning
Configuring CORS mappings
CORS configuration applied successfully
Started StockScreenerBackendApplication in 1.267 seconds (process running for 4188.143)
Initializing Spring DispatcherServlet 'dispatcherServlet'
Searching for stock: infosys
Searching for stock: infosys
Successfully fetched data for stock: infosys
Successfully searched for stock: infosys
Searching for stock: infosys
Searching for stock: infosys
Successfully fetched data for stock: infosys
Successfully searched for stock: infosys
HikariPool-37 - Shutdown initiated...
HikariPool-37 - Shutdown completed.
Starting StockScreenerBackendApplication using Java 17.0.12 with PID 13700 (C:\Users\abhay\OneDrive\Desktop\stock-screener\stock-screener-backend\target\classes started by abhay in C:\Users\abhay\OneDrive\Desktop\stock-screener\stock-screener-backend)
No active profile set, falling back to 1 default profile: "default"
Starting service [Tomcat]
Starting Servlet engine: [Apache Tomcat/10.1.42]
Initializing Spring embedded WebApplicationContext
HikariPool-38 - Starting...
HikariPool-38 - Added connection com.mysql.cj.jdbc.ConnectionImpl@53282bb6
HikariPool-38 - Start completed.
HHH90000025: MySQL8Dialect does not need to be specified explicitly using 'hibernate.dialect' (remove the property setting and it will be selected by default)
HHH90000026: MySQL8Dialect has been deprecated; use org.hibernate.dialect.MySQLDialect instead
spring.jpa.open-in-view is enabled by default. Therefore, database queries may be performed during view rendering. Explicitly configure spring.jpa.open-in-view to disable this warning
Configuring CORS mappings
CORS configuration applied successfully
Started StockScreenerBackendApplication in 0.806 seconds (process running for 4375.156)
Initializing Spring DispatcherServlet 'dispatcherServlet'
Searching for stock: infosys
Searching for stock: infosys
response body : 
The executor associated with thread pool [http-nio-8080] has not fully shutdown. Some application threads may still be running.
HikariPool-38 - Shutdown initiated...
HikariPool-38 - Shutdown completed.
Starting StockScreenerBackendApplication using Java 17.0.12 with PID 13700 (C:\Users\abhay\OneDrive\Desktop\stock-screener\stock-screener-backend\target\classes started by abhay in C:\Users\abhay\OneDrive\Desktop\stock-screener\stock-screener-backend)
No active profile set, falling back to 1 default profile: "default"
Starting service [Tomcat]
Starting Servlet engine: [Apache Tomcat/10.1.42]
Initializing Spring embedded WebApplicationContext
HikariPool-39 - Starting...
HikariPool-39 - Added connection com.mysql.cj.jdbc.ConnectionImpl@7d7fc739
HikariPool-39 - Start completed.
HHH90000025: MySQL8Dialect does not need to be specified explicitly using 'hibernate.dialect' (remove the property setting and it will be selected by default)
HHH90000026: MySQL8Dialect has been deprecated; use org.hibernate.dialect.MySQLDialect instead
spring.jpa.open-in-view is enabled by default. Therefore, database queries may be performed during view rendering. Explicitly configure spring.jpa.open-in-view to disable this warning
Configuring CORS mappings
CORS configuration applied successfully
Started StockScreenerBackendApplication in 0.792 seconds (process running for 4487.432)
HikariPool-39 - Shutdown initiated...
HikariPool-39 - Shutdown completed.
Starting StockScreenerBackendApplication using Java 17.0.12 with PID 13700 (C:\Users\abhay\OneDrive\Desktop\stock-screener\stock-screener-backend\target\classes started by abhay in C:\Users\abhay\OneDrive\Desktop\stock-screener\stock-screener-backend)
No active profile set, falling back to 1 default profile: "default"
